<?xml version="1.0" encoding="UTF-8"?>
<testsuite name="com.guitarmidi.ai.PolyMidiDecoderTest" tests="6" skipped="0" failures="0" errors="0" timestamp="2026-07-22T03:08:28.291Z" hostname="TINAHR-UCLAP" time="0.032">
  <properties/>
  <testcase name="silenceReleasesEveryActivePitch" classname="com.guitarmidi.ai.PolyMidiDecoderTest" time="0.026"/>
  <testcase name="inactiveHopBreaksConsecutiveActivationVotes" classname="com.guitarmidi.ai.PolyMidiDecoderTest" time="0.001"/>
  <testcase name="inactiveHopCannotCreateANoteFromStrongPredictions" classname="com.guitarmidi.ai.PolyMidiDecoderTest" time="0.001"/>
  <testcase name="maximumPolyphonyAndPanicAreGlobal" classname="com.guitarmidi.ai.PolyMidiDecoderTest" time="0.002"/>
  <testcase name="simultaneousOnsetsEmitAChord" classname="com.guitarmidi.ai.PolyMidiDecoderTest" time="0.001"/>
  <testcase name="harmonicTailIsSuppressedButDirectOnsetSurvives" classname="com.guitarmidi.ai.PolyMidiDecoderTest" time="0.001"/>
  <system-out><![CDATA[]]></system-out>
  <system-err><![CDATA[]]></system-err>
</testsuite>
